<?xml version="1.0" encoding="UTF-8"?>
<!-- Generated by org.testng.reporters.JUnitXMLReporter -->
<testsuite hostname="DESKTOP-5RP66UI" ignored="4" name="Abhi Bus Test Cases" tests="5" failures="0" timestamp="13 Jan 2019 21:43:18 GMT" time="267.134" errors="0">
  <testcase name="validateAbhiBusLogoToolTip" time="1.247" classname="com.abhi.qa.testcases.HomePageTest"/>
  <testcase name="verifyOnwardJourneyBookingPage" time="0.689" classname="com.abhi.qa.testcases.SearchSeatPageTest"/>
  <testcase name="verifySourceDestinationNetPayment" time="1.246" classname="com.abhi.qa.testcases.TotalPaymentPageTest"/>
  <testcase name="searchSeat" time="15.277" classname="com.abhi.qa.testcases.HomePageTest"/>
  <testcase name="bookOnwardandReturnTicket" time="116.852" classname="com.abhi.qa.testcases.SearchSeatPageTest"/>
  <testcase name="@AfterTest endReport" time="0.0" classname="com.abhi.qa.base.TestBase">
    <ignored/>
  </testcase> <!-- @AfterTest endReport -->
  <testcase name="@AfterTest endReport" time="0.0" classname="com.abhi.qa.base.TestBase">
    <ignored/>
  </testcase> <!-- @AfterTest endReport -->
  <testcase name="@BeforeTest setExtent" time="0.0" classname="com.abhi.qa.base.TestBase">
    <ignored/>
  </testcase> <!-- @BeforeTest setExtent -->
  <testcase name="@BeforeTest setExtent" time="0.0" classname="com.abhi.qa.base.TestBase">
    <ignored/>
  </testcase> <!-- @BeforeTest setExtent -->
</testsuite> <!-- Abhi Bus Test Cases -->
